<?xml version="1.0" encoding="UTF-8"?>
<!-- Generated by org.testng.reporters.JUnitXMLReporter -->
<testsuite hostname="Dell" ignored="0" name="Test" tests="8" failures="0" timestamp="16 Jun 2018 02:20:06 GMT" time="0.092" errors="0">
  <testcase name="tesstcase001" time="0.017" classname="listenersdemoproject.Test1"/>
  <testcase name="tesstcase005" time="0.017" classname="listenersdemoproject.Test2"/>
  <testcase name="tesstcase006" time="0.001" classname="listenersdemoproject.Test2"/>
  <testcase name="tesstcase002" time="0.003" classname="listenersdemoproject.Test1"/>
  <testcase name="tesstcase007" time="0.003" classname="listenersdemoproject.Test2"/>
  <testcase name="tesstcase008" time="0.002" classname="listenersdemoproject.Test2"/>
  <testcase name="tesstcase003" time="0.003" classname="listenersdemoproject.Test1"/>
  <testcase name="tesstcase004" time="0.002" classname="listenersdemoproject.Test1"/>
</testsuite> <!-- Test -->
