<?xml version="1.0" encoding="UTF-8"?>
<testng-results skipped="0" failed="0" ignored="0" total="1" passed="1">
  <reporter-output>
  </reporter-output>
  <suite name="Default suite" duration-ms="32164" started-at="2018-06-21T05:21:03Z" finished-at="2018-06-21T05:21:35Z">
    <groups>
    </groups>
    <test name="Default test" duration-ms="32164" started-at="2018-06-21T05:21:03Z" finished-at="2018-06-21T05:21:35Z">
      <class name="unTrustedCert.TestDemo">
        <test-method status="PASS" signature="handleCertiicate()[pri:0, instance:unTrustedCert.TestDemo@31ef45e3]" name="handleCertiicate" duration-ms="32130" started-at="2018-06-21T05:21:03Z" finished-at="2018-06-21T05:21:35Z">
          <reporter-output>
          </reporter-output>
        </test-method> <!-- handleCertiicate -->
      </class> <!-- unTrustedCert.TestDemo -->
    </test> <!-- Default test -->
  </suite> <!-- Default suite -->
</testng-results>
